<?xml version="1.0" encoding="UTF-8"?>
<!-- Generated by org.testng.reporters.JUnitReportReporter -->
<testsuite skipped="0" hostname="NDI-LAP-369" name="q2.screenshot" tests="1" failures="0" timestamp="21 Mar 2017 17:58:48 GMT" time="15.556" errors="0">
  <testcase name="googleScreenshot" time="15.556" classname="q2.screenshot"/>
</testsuite> <!-- q2.screenshot -->
