<?xml version="1.0" encoding="UTF-8"?>
<!-- Generated by org.testng.reporters.JUnitReportReporter -->
<testsuite hostname="NDI-LAP-369" name="driverQuitClose.driverQuit" tests="6" failures="0" timestamp="27 Feb 2017 10:41:57 GMT" time="36.186" errors="0">
  <testcase name="composeEmail" time="0.129" classname="driverQuitClose.driverQuit"/>
  <testcase name="sendUserName" time="0.293" classname="driverQuitClose.driverQuit"/>
  <testcase name="sendPassword" time="5.105" classname="driverQuitClose.driverQuit"/>
  <testcase name="closeApp" time="15.711" classname="driverQuitClose.driverQuit"/>
  <testcase name="Driversetup" time="6.349" classname="driverQuitClose.driverQuit"/>
  <testcase name="signUpbutton" time="8.599" classname="driverQuitClose.driverQuit"/>
</testsuite> <!-- driverQuitClose.driverQuit -->
