<?xml version="1.0" encoding="UTF-8"?>
<!-- Generated by org.testng.reporters.JUnitReportReporter -->
<testsuite skipped="0" hostname="NDI-LAP-369" name="q3.driverClose" tests="6" failures="0" timestamp="21 Mar 2017 17:58:48 GMT" time="40.782" errors="0">
  <testcase name="Driversetup" time="9.362" classname="q3.driverClose"/>
  <testcase name="sendUserName" time="0.193" classname="q3.driverClose"/>
  <testcase name="sendPassword" time="5.085" classname="q3.driverClose"/>
  <testcase name="signUpbutton" time="0.700" classname="q3.driverClose"/>
  <testcase name="newWindow" time="10.277" classname="q3.driverClose"/>
  <testcase name="closeApp" time="15.165" classname="q3.driverClose"/>
</testsuite> <!-- q3.driverClose -->
