<?xml version="1.0" encoding="UTF-8"?>
<!-- Generated by org.testng.reporters.JUnitReportReporter -->
<testsuite skipped="0" hostname="NDI-LAP-369" name="q2.screenshot" tests="1" failures="0" timestamp="19 Mar 2017 15:09:15 GMT" time="15.371" errors="0">
  <testcase name="googleScreenshot" time="15.371" classname="q2.screenshot"/>
</testsuite> <!-- q2.screenshot -->
