<?xml version="1.0" encoding="UTF-8"?>
<!-- Generated by org.testng.reporters.JUnitReportReporter -->
<testsuite hostname="NDI-LAP-369" name="q3.gmailTitle" tests="1" failures="0" timestamp="27 Feb 2017 10:47:44 GMT" time="6.504" errors="0">
  <testcase name="Driversetup" time="6.504" classname="q3.gmailTitle"/>
</testsuite> <!-- q3.gmailTitle -->
