<?xml version="1.0" encoding="UTF-8"?>
<!-- Generated by org.testng.reporters.JUnitReportReporter -->
<testsuite skipped="0" hostname="NDI-LAP-369" name="q3.driverQuit" tests="6" failures="0" timestamp="21 Mar 2017 17:58:48 GMT" time="42.116" errors="0">
  <testcase name="Driversetup" time="10.083" classname="q3.driverQuit"/>
  <testcase name="sendUserName" time="0.332" classname="q3.driverQuit"/>
  <testcase name="sendPassword" time="5.116" classname="q3.driverQuit"/>
  <testcase name="signUpbutton" time="9.572" classname="q3.driverQuit"/>
  <testcase name="composeEmail" time="0.109" classname="q3.driverQuit"/>
  <testcase name="closeApp" time="16.904" classname="q3.driverQuit"/>
</testsuite> <!-- q3.driverQuit -->
