<?xml version="1.0" encoding="UTF-8"?>
<!-- Generated by org.testng.reporters.JUnitReportReporter -->
<testsuite skipped="0" hostname="NDI-LAP-369" name="questio1.loginbuttonRelativepath" tests="4" failures="0" timestamp="21 Mar 2017 17:58:48 GMT" time="18.784" errors="0">
  <testcase name="Driversetup" time="10.533" classname="questio1.loginbuttonRelativepath"/>
  <testcase name="sendUserName" time="0.199" classname="questio1.loginbuttonRelativepath"/>
  <testcase name="sendPassword" time="5.092" classname="questio1.loginbuttonRelativepath"/>
  <testcase name="signUpbutton" time="2.960" classname="questio1.loginbuttonRelativepath"/>
</testsuite> <!-- questio1.loginbuttonRelativepath -->
