<?xml version="1.0" encoding="UTF-8"?>
<!-- Generated by org.testng.reporters.JUnitReportReporter -->
<testsuite hostname="NDI-LAP-369" name="questio1.loginbuttonAbsolutepath" tests="4" failures="0" timestamp="27 Feb 2017 10:29:51 GMT" time="13.598" errors="0">
  <testcase name="sendUserName" time="0.288" classname="questio1.loginbuttonAbsolutepath"/>
  <testcase name="sendPassword" time="5.114" classname="questio1.loginbuttonAbsolutepath"/>
  <testcase name="Driversetup" time="7.552" classname="questio1.loginbuttonAbsolutepath"/>
  <testcase name="signUpbutton" time="0.644" classname="questio1.loginbuttonAbsolutepath"/>
</testsuite> <!-- questio1.loginbuttonAbsolutepath -->
