<?xml version="1.0" encoding="UTF-8"?>
<!-- Generated by org.testng.reporters.JUnitReportReporter -->
<testsuite hostname="NDI-LAP-369" name="questio1.loginbutton" tests="4" failures="0" timestamp="27 Feb 2017 10:27:14 GMT" time="14.766" errors="0">
  <testcase name="sendUserName" time="0.228" classname="questio1.loginbutton"/>
  <testcase name="sendPassword" time="5.112" classname="questio1.loginbutton"/>
  <testcase name="Driversetup" time="8.628" classname="questio1.loginbutton"/>
  <testcase name="signUpbutton" time="0.798" classname="questio1.loginbutton"/>
</testsuite> <!-- questio1.loginbutton -->
