<?xml version="1.0" encoding="UTF-8"?>
<!-- Generated by org.testng.reporters.JUnitReportReporter -->
<testsuite hostname="NDI-LAP-369" name="q3.driverClose" tests="6" failures="0" timestamp="27 Feb 2017 10:58:58 GMT" time="44.557" errors="0">
  <testcase name="sendUserName" time="0.300" classname="q3.driverClose"/>
  <testcase name="sendPassword" time="5.100" classname="q3.driverClose"/>
  <testcase name="Driversetup" time="6.265" classname="q3.driverClose"/>
  <testcase name="signUpbutton" time="7.610" classname="q3.driverClose"/>
  <testcase name="newWindow" time="10.048" classname="q3.driverClose"/>
  <testcase name="closeApp" time="15.234" classname="q3.driverClose"/>
</testsuite> <!-- q3.driverClose -->
