<?xml version="1.0" encoding="UTF-8"?>
<!-- Generated by org.testng.reporters.JUnitReportReporter -->
<testsuite skipped="0" hostname="NDI-LAP-369" name="questio1.loginbuttonAbsolutepath" tests="4" failures="0" timestamp="21 Mar 2017 17:58:48 GMT" time="21.816" errors="0">
  <testcase name="Driversetup" time="13.041" classname="questio1.loginbuttonAbsolutepath"/>
  <testcase name="sendUserName" time="0.241" classname="questio1.loginbuttonAbsolutepath"/>
  <testcase name="sendPassword" time="5.099" classname="questio1.loginbuttonAbsolutepath"/>
  <testcase name="signUpbutton" time="3.435" classname="questio1.loginbuttonAbsolutepath"/>
</testsuite> <!-- questio1.loginbuttonAbsolutepath -->
