<?xml version="1.0" encoding="UTF-8"?>
<!-- Generated by org.testng.reporters.JUnitReportReporter -->
<testsuite skipped="0" hostname="NDI-LAP-369" name="q4.gmailTitle" tests="1" failures="0" timestamp="21 Mar 2017 17:58:48 GMT" time="12.299" errors="0">
  <testcase name="Driversetup" time="12.299" classname="q4.gmailTitle"/>
</testsuite> <!-- q4.gmailTitle -->
