<?xml version="1.0" encoding="UTF-8"?>
<!-- Generated by org.testng.reporters.JUnitReportReporter -->
<testsuite skipped="0" hostname="NDI-LAP-369" name="q5.FluentWaitClass" tests="1" failures="0" timestamp="21 Mar 2017 17:58:48 GMT" time="21.367" errors="0">
  <testcase name="fluentMethod" time="21.367" classname="q5.FluentWaitClass"/>
</testsuite> <!-- q5.FluentWaitClass -->
